[debug] [2021-05-08T14:32:14.862Z] ----------------------------------------------------------------------
[debug] [2021-05-08T14:32:14.864Z] Command:       /usr/bin/node /usr/bin/firebase deploy
[debug] [2021-05-08T14:32:14.864Z] CLI Version:   9.10.2
[debug] [2021-05-08T14:32:14.864Z] Platform:      linux
[debug] [2021-05-08T14:32:14.864Z] Node Version:  v14.16.1
[debug] [2021-05-08T14:32:14.864Z] Time:          Sat May 08 2021 23:32:14 GMT+0900 (대한민국 표준시)
[debug] [2021-05-08T14:32:14.865Z] ----------------------------------------------------------------------
[debug] 
[debug] [2021-05-08T14:32:14.869Z] > command requires scopes: ["email","openid","https://www.googleapis.com/auth/cloudplatformprojects.readonly","https://www.googleapis.com/auth/firebase","https://www.googleapis.com/auth/cloud-platform"]
[debug] [2021-05-08T14:32:14.869Z] > authorizing via signed-in user (nextitoc@gmail.com)
[debug] [2021-05-08T14:32:14.869Z] [iam] checking project minijbox for permissions ["datastore.indexes.create","datastore.indexes.delete","datastore.indexes.list","datastore.indexes.update","firebase.projects.get","firebasehosting.sites.update"]
[debug] [2021-05-08T14:32:14.870Z] >>> HTTP REQUEST POST https://cloudresourcemanager.googleapis.com/v1/projects/minijbox:testIamPermissions  
 {"permissions":["datastore.indexes.create","datastore.indexes.delete","datastore.indexes.list","datastore.indexes.update","firebase.projects.get","firebasehosting.sites.update"]}
[debug] [2021-05-08T14:32:15.702Z] <<< HTTP RESPONSE 200 {"content-type":"application/json; charset=UTF-8","vary":"X-Origin, Referer, Origin,Accept-Encoding","date":"Sat, 08 May 2021 14:32:15 GMT","server":"ESF","cache-control":"private","x-xss-protection":"0","x-frame-options":"SAMEORIGIN","x-content-type-options":"nosniff","server-timing":"gfet4t7; dur=571","alt-svc":"h3-29=\":443\"; ma=2592000,h3-T051=\":443\"; ma=2592000,h3-Q050=\":443\"; ma=2592000,h3-Q046=\":443\"; ma=2592000,h3-Q043=\":443\"; ma=2592000,quic=\":443\"; ma=2592000; v=\"46,43\"","accept-ranges":"none","transfer-encoding":"chunked"}
[debug] [2021-05-08T14:32:15.704Z] > refreshing access token with scopes: []
[debug] [2021-05-08T14:32:15.704Z] >>> HTTP REQUEST POST https://www.googleapis.com/oauth2/v3/token  
 <request body omitted>
[debug] [2021-05-08T14:32:15.936Z] <<< HTTP RESPONSE 200 {"pragma":"no-cache","cache-control":"no-cache, no-store, max-age=0, must-revalidate","date":"Sat, 08 May 2021 14:32:15 GMT","expires":"Mon, 01 Jan 1990 00:00:00 GMT","content-type":"application/json; charset=utf-8","vary":"X-Origin, Referer, Origin,Accept-Encoding","server":"scaffolding on HTTPServer2","x-xss-protection":"0","x-frame-options":"SAMEORIGIN","x-content-type-options":"nosniff","alt-svc":"h3-29=\":443\"; ma=2592000,h3-T051=\":443\"; ma=2592000,h3-Q050=\":443\"; ma=2592000,h3-Q046=\":443\"; ma=2592000,h3-Q043=\":443\"; ma=2592000,quic=\":443\"; ma=2592000; v=\"46,43\"","accept-ranges":"none","transfer-encoding":"chunked"}
[debug] [2021-05-08T14:32:15.965Z] >>> [apiv2][query] GET https://firebase.googleapis.com/v1beta1/projects/minijbox [none]
[debug] [2021-05-08T14:32:16.563Z] <<< [apiv2][status] GET https://firebase.googleapis.com/v1beta1/projects/minijbox 200
[debug] [2021-05-08T14:32:16.563Z] <<< [apiv2][body] GET https://firebase.googleapis.com/v1beta1/projects/minijbox {"projectId":"minijbox","projectNumber":"784551131013","displayName":"minijbox","name":"projects/minijbox","resources":{"hostingSite":"minijbox","storageBucket":"minijbox.appspot.com","locationId":"asia-northeast3"},"state":"ACTIVE"}
[info] 
[info] === Deploying to 'minijbox'...
[info] 
[info] i  deploying firestore, hosting 
[info] i  firestore: reading indexes from firestore.indexes.json... 
[info] i  cloud.firestore: checking firestore.rules for compilation errors... 
[debug] [2021-05-08T14:32:16.566Z] > refreshing access token with scopes: ["email","https://www.googleapis.com/auth/cloud-platform","https://www.googleapis.com/auth/cloudplatformprojects.readonly","https://www.googleapis.com/auth/firebase","openid"]
[debug] [2021-05-08T14:32:16.566Z] >>> HTTP REQUEST POST https://www.googleapis.com/oauth2/v3/token  
 <request body omitted>
[debug] [2021-05-08T14:32:16.851Z] <<< HTTP RESPONSE 200 {"date":"Sat, 08 May 2021 14:32:16 GMT","cache-control":"no-cache, no-store, max-age=0, must-revalidate","expires":"Mon, 01 Jan 1990 00:00:00 GMT","pragma":"no-cache","content-type":"application/json; charset=utf-8","vary":"X-Origin, Referer, Origin,Accept-Encoding","server":"scaffolding on HTTPServer2","x-xss-protection":"0","x-frame-options":"SAMEORIGIN","x-content-type-options":"nosniff","alt-svc":"h3-29=\":443\"; ma=2592000,h3-T051=\":443\"; ma=2592000,h3-Q050=\":443\"; ma=2592000,h3-Q046=\":443\"; ma=2592000,h3-Q043=\":443\"; ma=2592000,quic=\":443\"; ma=2592000; v=\"46,43\"","accept-ranges":"none","transfer-encoding":"chunked"}
[debug] [2021-05-08T14:32:16.869Z] >>> HTTP REQUEST POST https://firebaserules.googleapis.com/v1/projects/minijbox:test  
 {"source":{"files":[{"name":"firestore.rules","content":"rules_version = '2';\nservice cloud.firestore {\n  match /databases/{database}/documents {\n    match /{document=**} {\n      allow read, write: if\n          request.time < timestamp.date(2021, 5, 14);\n    }\n  }\n}"}]}}
[debug] [2021-05-08T14:32:17.346Z] <<< HTTP RESPONSE 200 {"content-type":"application/json; charset=UTF-8","vary":"X-Origin, Referer, Origin,Accept-Encoding","date":"Sat, 08 May 2021 14:32:17 GMT","server":"ESF","cache-control":"private","x-xss-protection":"0","x-frame-options":"SAMEORIGIN","x-content-type-options":"nosniff","alt-svc":"h3-29=\":443\"; ma=2592000,h3-T051=\":443\"; ma=2592000,h3-Q050=\":443\"; ma=2592000,h3-Q046=\":443\"; ma=2592000,h3-Q043=\":443\"; ma=2592000,quic=\":443\"; ma=2592000; v=\"46,43\"","accept-ranges":"none","transfer-encoding":"chunked"}
[info] ✔  cloud.firestore: rules file firestore.rules compiled successfully 
[debug] [2021-05-08T14:32:17.350Z] >>> HTTP REQUEST POST https://firebasehosting.googleapis.com/v1beta1/sites/minijbox/versions  
 {"config":{"rewrites":[{"glob":"**","path":"/index.html"}]},"labels":{"deployment-tool":"cli-firebase"}}
[debug] [2021-05-08T14:32:18.543Z] <<< HTTP RESPONSE 200 {"content-type":"application/json; charset=UTF-8","vary":"X-Origin, Referer, Origin,Accept-Encoding","date":"Sat, 08 May 2021 14:32:18 GMT","server":"ESF","cache-control":"private","x-xss-protection":"0","x-frame-options":"SAMEORIGIN","x-content-type-options":"nosniff","alt-svc":"h3-29=\":443\"; ma=2592000,h3-T051=\":443\"; ma=2592000,h3-Q050=\":443\"; ma=2592000,h3-Q046=\":443\"; ma=2592000,h3-Q043=\":443\"; ma=2592000,quic=\":443\"; ma=2592000; v=\"46,43\"","accept-ranges":"none","transfer-encoding":"chunked"}
[debug] [2021-05-08T14:32:18.551Z] >>> HTTP REQUEST GET https://firebaserules.googleapis.com/v1/projects/minijbox/releases?pageSize=10&pageToken=  
 
[debug] [2021-05-08T14:32:18.553Z] >>> HTTP REQUEST GET https://firestore.googleapis.com/v1/projects/minijbox/databases/(default)/collectionGroups/-/indexes  
 
[debug] [2021-05-08T14:32:18.883Z] <<< HTTP RESPONSE 200 {"content-type":"application/json; charset=UTF-8","vary":"X-Origin, Referer, Origin,Accept-Encoding","date":"Sat, 08 May 2021 14:32:18 GMT","server":"ESF","cache-control":"private","x-xss-protection":"0","x-frame-options":"SAMEORIGIN","x-content-type-options":"nosniff","alt-svc":"h3-29=\":443\"; ma=2592000,h3-T051=\":443\"; ma=2592000,h3-Q050=\":443\"; ma=2592000,h3-Q046=\":443\"; ma=2592000,h3-Q043=\":443\"; ma=2592000,quic=\":443\"; ma=2592000; v=\"46,43\"","accept-ranges":"none","transfer-encoding":"chunked"}
[debug] [2021-05-08T14:32:18.885Z] >>> HTTP REQUEST GET https://firestore.googleapis.com/v1/projects/minijbox/databases/(default)/collectionGroups/-/fields?filter=indexConfig.usesAncestorConfig=false  
 
[debug] [2021-05-08T14:32:19.272Z] <<< HTTP RESPONSE 200 {"content-type":"application/json; charset=UTF-8","vary":"X-Origin, Referer, Origin,Accept-Encoding","date":"Sat, 08 May 2021 14:32:19 GMT","server":"ESF","cache-control":"private","x-xss-protection":"0","x-frame-options":"SAMEORIGIN","x-content-type-options":"nosniff","alt-svc":"h3-29=\":443\"; ma=2592000,h3-T051=\":443\"; ma=2592000,h3-Q050=\":443\"; ma=2592000,h3-Q046=\":443\"; ma=2592000,h3-Q043=\":443\"; ma=2592000,quic=\":443\"; ma=2592000; v=\"46,43\"","accept-ranges":"none","transfer-encoding":"chunked"}
[debug] [2021-05-08T14:32:19.275Z] Skipping existing index: {"collectionGroup":"playlists","queryScope":"COLLECTION","fields":[{"fieldPath":"uid","order":"ASCENDING"},{"fieldPath":"title","order":"ASCENDING"}]}
[info] ✔  firestore: deployed indexes in firestore.indexes.json successfully 
[debug] [2021-05-08T14:32:19.850Z] <<< HTTP RESPONSE 200 {"content-type":"application/json; charset=UTF-8","vary":"X-Origin, Referer, Origin,Accept-Encoding","date":"Sat, 08 May 2021 14:32:19 GMT","server":"ESF","cache-control":"private","x-xss-protection":"0","x-frame-options":"SAMEORIGIN","x-content-type-options":"nosniff","alt-svc":"h3-29=\":443\"; ma=2592000,h3-T051=\":443\"; ma=2592000,h3-Q050=\":443\"; ma=2592000,h3-Q046=\":443\"; ma=2592000,h3-Q043=\":443\"; ma=2592000,quic=\":443\"; ma=2592000; v=\"46,43\"","accept-ranges":"none","transfer-encoding":"chunked"}
[debug] [2021-05-08T14:32:19.854Z] >>> HTTP REQUEST GET https://firebaserules.googleapis.com/v1/projects/minijbox/rulesets/bf676d5a-aeb2-472d-9dab-da55666b5c8e  
 
[debug] [2021-05-08T14:32:21.053Z] <<< HTTP RESPONSE 200 {"content-type":"application/json; charset=UTF-8","vary":"X-Origin, Referer, Origin,Accept-Encoding","date":"Sat, 08 May 2021 14:32:20 GMT","server":"ESF","cache-control":"private","x-xss-protection":"0","x-frame-options":"SAMEORIGIN","x-content-type-options":"nosniff","alt-svc":"h3-29=\":443\"; ma=2592000,h3-T051=\":443\"; ma=2592000,h3-Q050=\":443\"; ma=2592000,h3-Q046=\":443\"; ma=2592000,h3-Q043=\":443\"; ma=2592000,quic=\":443\"; ma=2592000; v=\"46,43\"","accept-ranges":"none","transfer-encoding":"chunked"}
[info] i  firestore: latest version of firestore.rules already up to date, skipping upload... 
[info] i  hosting[minijbox]: beginning deploy... 
[info] i  hosting[minijbox]: found 7 files in public 
[debug] [2021-05-08T14:32:21.094Z] > refreshing access token with scopes: []
[debug] [2021-05-08T14:32:21.094Z] >>> HTTP REQUEST POST https://www.googleapis.com/oauth2/v3/token  
 <request body omitted>
[debug] [2021-05-08T14:32:21.095Z] [hosting] hash cache [cHVibGlj] stored for 7 files
[debug] [2021-05-08T14:32:21.095Z] [hosting][hash queue][FINAL] {"max":34,"min":1,"avg":6.428571428571429,"active":0,"complete":7,"success":7,"errored":0,"retried":0,"total":7,"elapsed":36}
[debug] [2021-05-08T14:32:21.464Z] <<< HTTP RESPONSE 200 {"date":"Sat, 08 May 2021 14:32:21 GMT","cache-control":"no-cache, no-store, max-age=0, must-revalidate","expires":"Mon, 01 Jan 1990 00:00:00 GMT","pragma":"no-cache","content-type":"application/json; charset=utf-8","vary":"X-Origin, Referer, Origin,Accept-Encoding","server":"scaffolding on HTTPServer2","x-xss-protection":"0","x-frame-options":"SAMEORIGIN","x-content-type-options":"nosniff","alt-svc":"h3-29=\":443\"; ma=2592000,h3-T051=\":443\"; ma=2592000,h3-Q050=\":443\"; ma=2592000,h3-Q046=\":443\"; ma=2592000,h3-Q043=\":443\"; ma=2592000,quic=\":443\"; ma=2592000; v=\"46,43\"","accept-ranges":"none","transfer-encoding":"chunked"}
[debug] [2021-05-08T14:32:21.484Z] >>> [apiv2][query] POST https://firebasehosting.googleapis.com/v1beta1/sites/minijbox/versions/b97b16508f15991b:populateFiles [none]
[debug] [2021-05-08T14:32:21.484Z] >>> [apiv2][body] POST https://firebasehosting.googleapis.com/v1beta1/sites/minijbox/versions/b97b16508f15991b:populateFiles {"files":{"/404.html":"b7bab6b83fa074653ff28c8d2a64135d3434575f70a12ab3d3ba8080461b9537","/favicon.png":"ade4dbae0f268000d40c73ab972d1b54b679d712a09012f02e81e4f87d5ee2ba","/global.css":"54a51f07e5a9d3c92703d066b88dc45074742991bfa6e44e9022aaf33e85ce02","/index.html":"6a46575f3516356bb55457b510cfb1d4c26c28e1393f058b82651ac34e5cce72","/build/bundle.css":"855abf3456926db8fffe93c72838887d5a24a07f9831f5bae9801f4e517832a4","/build/bundle.js":"0d9f32c8d2b6acc8a96fb94a7fa121ab56ad465f31a4fba69ca235d58096e51e","/build/bundle.js.map":"545f262b18bdcce29f2dbddc6108e6ba803ab548f5a973499b27fac6667dcc58"}}
[debug] [2021-05-08T14:32:22.543Z] <<< [apiv2][status] POST https://firebasehosting.googleapis.com/v1beta1/sites/minijbox/versions/b97b16508f15991b:populateFiles 200
[debug] [2021-05-08T14:32:22.543Z] <<< [apiv2][body] POST https://firebasehosting.googleapis.com/v1beta1/sites/minijbox/versions/b97b16508f15991b:populateFiles {"uploadUrl":"https://upload-firebasehosting.googleapis.com/upload/sites/minijbox/versions/b97b16508f15991b/files"}
[debug] [2021-05-08T14:32:22.544Z] [hosting][populate queue][FINAL] {"max":1450,"min":1450,"avg":1450,"active":0,"complete":1,"success":1,"errored":0,"retried":0,"total":1,"elapsed":1450}
[debug] [2021-05-08T14:32:22.545Z] [hosting] uploads queued: 0
[debug] [2021-05-08T14:32:22.545Z] [hosting][upload queue][FINAL] {"max":0,"min":9999999999,"avg":0,"active":0,"complete":0,"success":0,"errored":0,"retried":0,"total":0,"elapsed":1620484342545}
[info] ✔  hosting[minijbox]: file upload complete 
[debug] [2021-05-08T14:32:22.547Z] [hosting] deploy completed after 1493ms
[debug] [2021-05-08T14:32:22.548Z] [rules] releasing cloud.firestore with ruleset projects/minijbox/rulesets/bf676d5a-aeb2-472d-9dab-da55666b5c8e
[debug] [2021-05-08T14:32:22.549Z] > refreshing access token with scopes: ["email","https://www.googleapis.com/auth/cloud-platform","https://www.googleapis.com/auth/cloudplatformprojects.readonly","https://www.googleapis.com/auth/firebase","openid"]
[debug] [2021-05-08T14:32:22.550Z] >>> HTTP REQUEST POST https://www.googleapis.com/oauth2/v3/token  
 <request body omitted>
[debug] [2021-05-08T14:32:22.823Z] <<< HTTP RESPONSE 200 {"cache-control":"no-cache, no-store, max-age=0, must-revalidate","pragma":"no-cache","date":"Sat, 08 May 2021 14:32:22 GMT","expires":"Mon, 01 Jan 1990 00:00:00 GMT","content-type":"application/json; charset=utf-8","vary":"X-Origin, Referer, Origin,Accept-Encoding","server":"scaffolding on HTTPServer2","x-xss-protection":"0","x-frame-options":"SAMEORIGIN","x-content-type-options":"nosniff","alt-svc":"h3-29=\":443\"; ma=2592000,h3-T051=\":443\"; ma=2592000,h3-Q050=\":443\"; ma=2592000,h3-Q046=\":443\"; ma=2592000,h3-Q043=\":443\"; ma=2592000,quic=\":443\"; ma=2592000; v=\"46,43\"","accept-ranges":"none","transfer-encoding":"chunked"}
[debug] [2021-05-08T14:32:22.844Z] >>> HTTP REQUEST PATCH https://firebaserules.googleapis.com/v1/projects/minijbox/releases/cloud.firestore  
 {"release":{"name":"projects/minijbox/releases/cloud.firestore","rulesetName":"projects/minijbox/rulesets/bf676d5a-aeb2-472d-9dab-da55666b5c8e"}}
[debug] [2021-05-08T14:32:24.077Z] <<< HTTP RESPONSE 200 {"content-type":"application/json; charset=UTF-8","vary":"X-Origin, Referer, Origin,Accept-Encoding","date":"Sat, 08 May 2021 14:32:23 GMT","server":"ESF","cache-control":"private","x-xss-protection":"0","x-frame-options":"SAMEORIGIN","x-content-type-options":"nosniff","alt-svc":"h3-29=\":443\"; ma=2592000,h3-T051=\":443\"; ma=2592000,h3-Q050=\":443\"; ma=2592000,h3-Q046=\":443\"; ma=2592000,h3-Q043=\":443\"; ma=2592000,quic=\":443\"; ma=2592000; v=\"46,43\"","accept-ranges":"none","transfer-encoding":"chunked"}
[debug] [2021-05-08T14:32:24.078Z] [rules] updated release projects/minijbox/releases/cloud.firestore
[info] ✔  firestore: released rules firestore.rules to cloud.firestore 
[debug] [2021-05-08T14:32:24.079Z] [
  {
    "config": {
      "public": "public",
      "ignore": [
        "firebase.json",
        "**/.*",
        "**/node_modules/**"
      ],
      "rewrites": [
        {
          "source": "**",
          "destination": "/index.html"
        }
      ],
      "site": "minijbox"
    },
    "site": "minijbox",
    "version": "sites/minijbox/versions/b97b16508f15991b"
  }
]
[info] i  hosting[minijbox]: finalizing version... 
[debug] [2021-05-08T14:32:24.080Z] >>> HTTP REQUEST PATCH https://firebasehosting.googleapis.com/v1beta1/sites/minijbox/versions/b97b16508f15991b?updateMask=status  
 {"status":"FINALIZED"}
[debug] [2021-05-08T14:32:25.090Z] <<< HTTP RESPONSE 200 {"content-type":"application/json; charset=UTF-8","vary":"X-Origin, Referer, Origin,Accept-Encoding","date":"Sat, 08 May 2021 14:32:24 GMT","server":"ESF","cache-control":"private","x-xss-protection":"0","x-frame-options":"SAMEORIGIN","x-content-type-options":"nosniff","alt-svc":"h3-29=\":443\"; ma=2592000,h3-T051=\":443\"; ma=2592000,h3-Q050=\":443\"; ma=2592000,h3-Q046=\":443\"; ma=2592000,h3-Q043=\":443\"; ma=2592000,quic=\":443\"; ma=2592000; v=\"46,43\"","accept-ranges":"none","transfer-encoding":"chunked"}
[debug] [2021-05-08T14:32:25.091Z] [hosting] finalized version for minijbox: {"name":"sites/minijbox/versions/b97b16508f15991b","status":"FINALIZED","config":{"rewrites":[{"glob":"**","path":"/index.html"}]},"labels":{"deployment-tool":"cli-firebase"},"createTime":"2021-05-08T14:32:18.192996Z","createUser":{"email":"nextitoc@gmail.com"},"finalizeTime":"2021-05-08T14:32:24.978389Z","finalizeUser":{"email":"nextitoc@gmail.com"}}
[info] ✔  hosting[minijbox]: version finalized 
[info] i  hosting[minijbox]: releasing new version... 
[debug] [2021-05-08T14:32:25.093Z] >>> HTTP REQUEST POST https://firebasehosting.googleapis.com/v1beta1/sites/minijbox/releases?version_name=sites/minijbox/versions/b97b16508f15991b  
 {"message":null}
